{"total": {"lines":{"total":35350,"covered":33032,"skipped":0,"pct":93.44},"statements":{"total":35350,"covered":33032,"skipped":0,"pct":93.44},"functions":{"total":579,"covered":566,"skipped":0,"pct":97.75},"branches":{"total":8278,"covered":7299,"skipped":0,"pct":88.17},"branchesTrue":{"total":0,"covered":0,"skipped":0,"pct":100}}
,"/Users/thierrybela/web/WebstormProjects/css/dist/node.js": {"lines":{"total":486,"covered":447,"skipped":0,"pct":91.97},"functions":{"total":6,"covered":6,"skipped":0,"pct":100},"statements":{"total":486,"covered":447,"skipped":0,"pct":91.97},"branches":{"total":80,"covered":66,"skipped":0,"pct":82.5}}
,"/Users/thierrybela/web/WebstormProjects/css/dist/types.js": {"lines":{"total":24,"covered":24,"skipped":0,"pct":100},"functions":{"total":0,"covered":0,"skipped":0,"pct":100},"statements":{"total":24,"covered":24,"skipped":0,"pct":100},"branches":{"total":2,"covered":2,"skipped":0,"pct":100}}
,"/Users/thierrybela/web/WebstormProjects/css/dist/lib/ast/clone.js": {"lines":{"total":44,"covered":44,"skipped":0,"pct":100},"functions":{"total":1,"covered":1,"skipped":0,"pct":100},"statements":{"total":44,"covered":44,"skipped":0,"pct":100},"branches":{"total":15,"covered":15,"skipped":0,"pct":100}}
,"/Users/thierrybela/web/WebstormProjects/css/dist/lib/ast/expand.js": {"lines":{"total":302,"covered":300,"skipped":0,"pct":99.33},"functions":{"total":4,"covered":4,"skipped":0,"pct":100},"statements":{"total":302,"covered":300,"skipped":0,"pct":99.33},"branches":{"total":135,"covered":131,"skipped":0,"pct":97.03}}
,"/Users/thierrybela/web/WebstormProjects/css/dist/lib/ast/find.js": {"lines":{"total":180,"covered":178,"skipped":0,"pct":98.88},"functions":{"total":4,"covered":4,"skipped":0,"pct":100},"statements":{"total":180,"covered":178,"skipped":0,"pct":98.88},"branches":{"total":23,"covered":21,"skipped":0,"pct":91.3}}
,"/Users/thierrybela/web/WebstormProjects/css/dist/lib/ast/minify.js": {"lines":{"total":1542,"covered":1409,"skipped":0,"pct":91.37},"functions":{"total":14,"covered":14,"skipped":0,"pct":100},"statements":{"total":1542,"covered":1409,"skipped":0,"pct":91.37},"branches":{"total":560,"covered":524,"skipped":0,"pct":93.57}}
,"/Users/thierrybela/web/WebstormProjects/css/dist/lib/ast/node.js": {"lines":{"total":52,"covered":26,"skipped":0,"pct":50},"functions":{"total":2,"covered":1,"skipped":0,"pct":50},"statements":{"total":52,"covered":26,"skipped":0,"pct":50},"branches":{"total":7,"covered":2,"skipped":0,"pct":28.57}}
,"/Users/thierrybela/web/WebstormProjects/css/dist/lib/ast/types.js": {"lines":{"total":992,"covered":992,"skipped":0,"pct":100},"functions":{"total":0,"covered":0,"skipped":0,"pct":100},"statements":{"total":992,"covered":992,"skipped":0,"pct":100},"branches":{"total":8,"covered":8,"skipped":0,"pct":100}}
,"/Users/thierrybela/web/WebstormProjects/css/dist/lib/ast/walk.js": {"lines":{"total":399,"covered":322,"skipped":0,"pct":80.7},"functions":{"total":4,"covered":3,"skipped":0,"pct":75},"statements":{"total":399,"covered":322,"skipped":0,"pct":80.7},"branches":{"total":70,"covered":49,"skipped":0,"pct":70}}
,"/Users/thierrybela/web/WebstormProjects/css/dist/lib/ast/features/calc.js": {"lines":{"total":120,"covered":120,"skipped":0,"pct":100},"functions":{"total":5,"covered":5,"skipped":0,"pct":100},"statements":{"total":120,"covered":120,"skipped":0,"pct":100},"branches":{"total":46,"covered":43,"skipped":0,"pct":93.47}}
,"/Users/thierrybela/web/WebstormProjects/css/dist/lib/ast/features/if.js": {"lines":{"total":193,"covered":192,"skipped":0,"pct":99.48},"functions":{"total":8,"covered":8,"skipped":0,"pct":100},"statements":{"total":193,"covered":192,"skipped":0,"pct":99.48},"branches":{"total":53,"covered":46,"skipped":0,"pct":86.79}}
,"/Users/thierrybela/web/WebstormProjects/css/dist/lib/ast/features/index.js": {"lines":{"total":6,"covered":6,"skipped":0,"pct":100},"functions":{"total":0,"covered":0,"skipped":0,"pct":100},"statements":{"total":6,"covered":6,"skipped":0,"pct":100},"branches":{"total":1,"covered":1,"skipped":0,"pct":100}}
,"/Users/thierrybela/web/WebstormProjects/css/dist/lib/ast/features/inlinecssvariables.js": {"lines":{"total":150,"covered":146,"skipped":0,"pct":97.33},"functions":{"total":8,"covered":8,"skipped":0,"pct":100},"statements":{"total":150,"covered":146,"skipped":0,"pct":97.33},"branches":{"total":47,"covered":44,"skipped":0,"pct":93.61}}
,"/Users/thierrybela/web/WebstormProjects/css/dist/lib/ast/features/prefix.js": {"lines":{"total":504,"covered":485,"skipped":0,"pct":96.23},"functions":{"total":9,"covered":9,"skipped":0,"pct":100},"statements":{"total":504,"covered":485,"skipped":0,"pct":96.23},"branches":{"total":162,"covered":140,"skipped":0,"pct":86.41}}
,"/Users/thierrybela/web/WebstormProjects/css/dist/lib/ast/features/shorthand.js": {"lines":{"total":67,"covered":67,"skipped":0,"pct":100},"functions":{"total":5,"covered":5,"skipped":0,"pct":100},"statements":{"total":67,"covered":67,"skipped":0,"pct":100},"branches":{"total":19,"covered":18,"skipped":0,"pct":94.73}}
,"/Users/thierrybela/web/WebstormProjects/css/dist/lib/ast/features/transform.js": {"lines":{"total":78,"covered":78,"skipped":0,"pct":100},"functions":{"total":5,"covered":5,"skipped":0,"pct":100},"statements":{"total":78,"covered":78,"skipped":0,"pct":100},"branches":{"total":35,"covered":35,"skipped":0,"pct":100}}
,"/Users/thierrybela/web/WebstormProjects/css/dist/lib/ast/features/type.js": {"lines":{"total":18,"covered":18,"skipped":0,"pct":100},"functions":{"total":0,"covered":0,"skipped":0,"pct":100},"statements":{"total":18,"covered":18,"skipped":0,"pct":100},"branches":{"total":2,"covered":2,"skipped":0,"pct":100}}
,"/Users/thierrybela/web/WebstormProjects/css/dist/lib/ast/math/expression.js": {"lines":{"total":820,"covered":756,"skipped":0,"pct":92.19},"functions":{"total":13,"covered":13,"skipped":0,"pct":100},"statements":{"total":820,"covered":756,"skipped":0,"pct":92.19},"branches":{"total":330,"covered":296,"skipped":0,"pct":89.69}}
,"/Users/thierrybela/web/WebstormProjects/css/dist/lib/ast/math/math.js": {"lines":{"total":111,"covered":109,"skipped":0,"pct":98.19},"functions":{"total":4,"covered":4,"skipped":0,"pct":100},"statements":{"total":111,"covered":109,"skipped":0,"pct":98.19},"branches":{"total":45,"covered":43,"skipped":0,"pct":95.55}}
,"/Users/thierrybela/web/WebstormProjects/css/dist/lib/ast/transform/compute.js": {"lines":{"total":354,"covered":326,"skipped":0,"pct":92.09},"functions":{"total":3,"covered":3,"skipped":0,"pct":100},"statements":{"total":354,"covered":326,"skipped":0,"pct":92.09},"branches":{"total":160,"covered":142,"skipped":0,"pct":88.75}}
,"/Users/thierrybela/web/WebstormProjects/css/dist/lib/ast/transform/matrix.js": {"lines":{"total":98,"covered":93,"skipped":0,"pct":94.89},"functions":{"total":3,"covered":3,"skipped":0,"pct":100},"statements":{"total":98,"covered":93,"skipped":0,"pct":94.89},"branches":{"total":23,"covered":20,"skipped":0,"pct":86.95}}
,"/Users/thierrybela/web/WebstormProjects/css/dist/lib/ast/transform/minify.js": {"lines":{"total":371,"covered":363,"skipped":0,"pct":97.84},"functions":{"total":3,"covered":3,"skipped":0,"pct":100},"statements":{"total":371,"covered":363,"skipped":0,"pct":97.84},"branches":{"total":149,"covered":142,"skipped":0,"pct":95.3}}
,"/Users/thierrybela/web/WebstormProjects/css/dist/lib/ast/transform/perspective.js": {"lines":{"total":10,"covered":10,"skipped":0,"pct":100},"functions":{"total":1,"covered":1,"skipped":0,"pct":100},"statements":{"total":10,"covered":10,"skipped":0,"pct":100},"branches":{"total":5,"covered":2,"skipped":0,"pct":40}}
,"/Users/thierrybela/web/WebstormProjects/css/dist/lib/ast/transform/rotate.js": {"lines":{"total":40,"covered":40,"skipped":0,"pct":100},"functions":{"total":2,"covered":2,"skipped":0,"pct":100},"statements":{"total":40,"covered":40,"skipped":0,"pct":100},"branches":{"total":4,"covered":3,"skipped":0,"pct":75}}
,"/Users/thierrybela/web/WebstormProjects/css/dist/lib/ast/transform/scale.js": {"lines":{"total":32,"covered":32,"skipped":0,"pct":100},"functions":{"total":5,"covered":5,"skipped":0,"pct":100},"statements":{"total":32,"covered":32,"skipped":0,"pct":100},"branches":{"total":6,"covered":6,"skipped":0,"pct":100}}
,"/Users/thierrybela/web/WebstormProjects/css/dist/lib/ast/transform/skew.js": {"lines":{"total":23,"covered":18,"skipped":0,"pct":78.26},"functions":{"total":3,"covered":2,"skipped":0,"pct":66.66},"statements":{"total":23,"covered":18,"skipped":0,"pct":78.26},"branches":{"total":4,"covered":4,"skipped":0,"pct":100}}
,"/Users/thierrybela/web/WebstormProjects/css/dist/lib/ast/transform/translate.js": {"lines":{"total":32,"covered":32,"skipped":0,"pct":100},"functions":{"total":5,"covered":5,"skipped":0,"pct":100},"statements":{"total":32,"covered":32,"skipped":0,"pct":100},"branches":{"total":7,"covered":7,"skipped":0,"pct":100}}
,"/Users/thierrybela/web/WebstormProjects/css/dist/lib/ast/transform/utils.js": {"lines":{"total":280,"covered":274,"skipped":0,"pct":97.85},"functions":{"total":10,"covered":10,"skipped":0,"pct":100},"statements":{"total":280,"covered":274,"skipped":0,"pct":97.85},"branches":{"total":61,"covered":58,"skipped":0,"pct":95.08}}
,"/Users/thierrybela/web/WebstormProjects/css/dist/lib/data/properties.json.js": {"lines":{"total":1658,"covered":1658,"skipped":0,"pct":100},"functions":{"total":0,"covered":0,"skipped":0,"pct":100},"statements":{"total":1658,"covered":1658,"skipped":0,"pct":100},"branches":{"total":1,"covered":1,"skipped":0,"pct":100}}
,"/Users/thierrybela/web/WebstormProjects/css/dist/lib/data/validation.json.js": {"lines":{"total":5363,"covered":5363,"skipped":0,"pct":100},"functions":{"total":0,"covered":0,"skipped":0,"pct":100},"statements":{"total":5363,"covered":5363,"skipped":0,"pct":100},"branches":{"total":1,"covered":1,"skipped":0,"pct":100}}
,"/Users/thierrybela/web/WebstormProjects/css/dist/lib/fs/resolve.js": {"lines":{"total":201,"covered":174,"skipped":0,"pct":86.56},"functions":{"total":3,"covered":3,"skipped":0,"pct":100},"statements":{"total":201,"covered":174,"skipped":0,"pct":86.56},"branches":{"total":56,"covered":45,"skipped":0,"pct":80.35}}
,"/Users/thierrybela/web/WebstormProjects/css/dist/lib/parser/linesmap.js": {"lines":{"total":68,"covered":68,"skipped":0,"pct":100},"functions":{"total":6,"covered":6,"skipped":0,"pct":100},"statements":{"total":68,"covered":68,"skipped":0,"pct":100},"branches":{"total":12,"covered":12,"skipped":0,"pct":100}}
,"/Users/thierrybela/web/WebstormProjects/css/dist/lib/parser/parse.js": {"lines":{"total":3696,"covered":2948,"skipped":0,"pct":79.76},"functions":{"total":10,"covered":8,"skipped":0,"pct":80},"statements":{"total":3696,"covered":2948,"skipped":0,"pct":79.76},"branches":{"total":1022,"covered":806,"skipped":0,"pct":78.86}}
,"/Users/thierrybela/web/WebstormProjects/css/dist/lib/parser/source.js": {"lines":{"total":117,"covered":111,"skipped":0,"pct":94.87},"functions":{"total":12,"covered":9,"skipped":0,"pct":75},"statements":{"total":117,"covered":111,"skipped":0,"pct":94.87},"branches":{"total":11,"covered":10,"skipped":0,"pct":90.9}}
,"/Users/thierrybela/web/WebstormProjects/css/dist/lib/parser/tokenize.js": {"lines":{"total":1642,"covered":1391,"skipped":0,"pct":84.71},"functions":{"total":24,"covered":24,"skipped":0,"pct":100},"statements":{"total":1642,"covered":1391,"skipped":0,"pct":84.71},"branches":{"total":552,"covered":473,"skipped":0,"pct":85.68}}
,"/Users/thierrybela/web/WebstormProjects/css/dist/lib/parser/declaration/list.js": {"lines":{"total":226,"covered":223,"skipped":0,"pct":98.67},"functions":{"total":5,"covered":5,"skipped":0,"pct":100},"statements":{"total":226,"covered":223,"skipped":0,"pct":98.67},"branches":{"total":70,"covered":68,"skipped":0,"pct":97.14}}
,"/Users/thierrybela/web/WebstormProjects/css/dist/lib/parser/declaration/map.js": {"lines":{"total":696,"covered":674,"skipped":0,"pct":96.83},"functions":{"total":7,"covered":7,"skipped":0,"pct":100},"statements":{"total":696,"covered":674,"skipped":0,"pct":96.83},"branches":{"total":252,"covered":239,"skipped":0,"pct":94.84}}
,"/Users/thierrybela/web/WebstormProjects/css/dist/lib/parser/declaration/set.js": {"lines":{"total":197,"covered":195,"skipped":0,"pct":98.98},"functions":{"total":5,"covered":5,"skipped":0,"pct":100},"statements":{"total":197,"covered":195,"skipped":0,"pct":98.98},"branches":{"total":77,"covered":74,"skipped":0,"pct":96.1}}
,"/Users/thierrybela/web/WebstormProjects/css/dist/lib/parser/utils/angle.js": {"lines":{"total":29,"covered":29,"skipped":0,"pct":100},"functions":{"total":1,"covered":1,"skipped":0,"pct":100},"statements":{"total":29,"covered":29,"skipped":0,"pct":100},"branches":{"total":6,"covered":6,"skipped":0,"pct":100}}
,"/Users/thierrybela/web/WebstormProjects/css/dist/lib/parser/utils/at-rule-container.js": {"lines":{"total":284,"covered":284,"skipped":0,"pct":100},"functions":{"total":1,"covered":1,"skipped":0,"pct":100},"statements":{"total":284,"covered":284,"skipped":0,"pct":100},"branches":{"total":82,"covered":82,"skipped":0,"pct":100}}
,"/Users/thierrybela/web/WebstormProjects/css/dist/lib/parser/utils/at-rule-font-feature-values.js": {"lines":{"total":13,"covered":13,"skipped":0,"pct":100},"functions":{"total":1,"covered":1,"skipped":0,"pct":100},"statements":{"total":13,"covered":13,"skipped":0,"pct":100},"branches":{"total":2,"covered":2,"skipped":0,"pct":100}}
,"/Users/thierrybela/web/WebstormProjects/css/dist/lib/parser/utils/at-rule-generic.js": {"lines":{"total":105,"covered":105,"skipped":0,"pct":100},"functions":{"total":1,"covered":1,"skipped":0,"pct":100},"statements":{"total":105,"covered":105,"skipped":0,"pct":100},"branches":{"total":32,"covered":32,"skipped":0,"pct":100}}
,"/Users/thierrybela/web/WebstormProjects/css/dist/lib/parser/utils/at-rule-import.js": {"lines":{"total":189,"covered":181,"skipped":0,"pct":95.76},"functions":{"total":1,"covered":1,"skipped":0,"pct":100},"statements":{"total":189,"covered":181,"skipped":0,"pct":95.76},"branches":{"total":59,"covered":57,"skipped":0,"pct":96.61}}
,"/Users/thierrybela/web/WebstormProjects/css/dist/lib/parser/utils/at-rule-media.js": {"lines":{"total":450,"covered":445,"skipped":0,"pct":98.88},"functions":{"total":1,"covered":1,"skipped":0,"pct":100},"statements":{"total":450,"covered":445,"skipped":0,"pct":98.88},"branches":{"total":137,"covered":135,"skipped":0,"pct":98.54}}
,"/Users/thierrybela/web/WebstormProjects/css/dist/lib/parser/utils/at-rule-support.js": {"lines":{"total":219,"covered":201,"skipped":0,"pct":91.78},"functions":{"total":1,"covered":1,"skipped":0,"pct":100},"statements":{"total":219,"covered":201,"skipped":0,"pct":91.78},"branches":{"total":56,"covered":52,"skipped":0,"pct":92.85}}
,"/Users/thierrybela/web/WebstormProjects/css/dist/lib/parser/utils/at-rule-when-else.js": {"lines":{"total":123,"covered":117,"skipped":0,"pct":95.12},"functions":{"total":1,"covered":1,"skipped":0,"pct":100},"statements":{"total":123,"covered":117,"skipped":0,"pct":95.12},"branches":{"total":31,"covered":24,"skipped":0,"pct":77.41}}
,"/Users/thierrybela/web/WebstormProjects/css/dist/lib/parser/utils/at-rule.js": {"lines":{"total":16,"covered":16,"skipped":0,"pct":100},"functions":{"total":1,"covered":1,"skipped":0,"pct":100},"statements":{"total":16,"covered":16,"skipped":0,"pct":100},"branches":{"total":4,"covered":4,"skipped":0,"pct":100}}
,"/Users/thierrybela/web/WebstormProjects/css/dist/lib/parser/utils/base64.js": {"lines":{"total":14,"covered":14,"skipped":0,"pct":100},"functions":{"total":1,"covered":1,"skipped":0,"pct":100},"statements":{"total":14,"covered":14,"skipped":0,"pct":100},"branches":{"total":3,"covered":3,"skipped":0,"pct":100}}
,"/Users/thierrybela/web/WebstormProjects/css/dist/lib/parser/utils/cache.js": {"lines":{"total":47,"covered":47,"skipped":0,"pct":100},"functions":{"total":1,"covered":1,"skipped":0,"pct":100},"statements":{"total":47,"covered":47,"skipped":0,"pct":100},"branches":{"total":16,"covered":15,"skipped":0,"pct":93.75}}
,"/Users/thierrybela/web/WebstormProjects/css/dist/lib/parser/utils/config.js": {"lines":{"total":7,"covered":7,"skipped":0,"pct":100},"functions":{"total":1,"covered":1,"skipped":0,"pct":100},"statements":{"total":7,"covered":7,"skipped":0,"pct":100},"branches":{"total":2,"covered":2,"skipped":0,"pct":100}}
,"/Users/thierrybela/web/WebstormProjects/css/dist/lib/parser/utils/declaration.js": {"lines":{"total":488,"covered":480,"skipped":0,"pct":98.36},"functions":{"total":2,"covered":2,"skipped":0,"pct":100},"statements":{"total":488,"covered":480,"skipped":0,"pct":98.36},"branches":{"total":189,"covered":179,"skipped":0,"pct":94.7}}
,"/Users/thierrybela/web/WebstormProjects/css/dist/lib/parser/utils/eq.js": {"lines":{"total":43,"covered":39,"skipped":0,"pct":90.69},"functions":{"total":1,"covered":1,"skipped":0,"pct":100},"statements":{"total":43,"covered":39,"skipped":0,"pct":90.69},"branches":{"total":20,"covered":18,"skipped":0,"pct":90}}
,"/Users/thierrybela/web/WebstormProjects/css/dist/lib/parser/utils/hash.js": {"lines":{"total":140,"covered":135,"skipped":0,"pct":96.42},"functions":{"total":7,"covered":7,"skipped":0,"pct":100},"statements":{"total":140,"covered":135,"skipped":0,"pct":96.42},"branches":{"total":38,"covered":33,"skipped":0,"pct":86.84}}
,"/Users/thierrybela/web/WebstormProjects/css/dist/lib/parser/utils/selector.js": {"lines":{"total":511,"covered":462,"skipped":0,"pct":90.41},"functions":{"total":1,"covered":1,"skipped":0,"pct":100},"statements":{"total":511,"covered":462,"skipped":0,"pct":90.41},"branches":{"total":151,"covered":138,"skipped":0,"pct":91.39}}
,"/Users/thierrybela/web/WebstormProjects/css/dist/lib/parser/utils/text.js": {"lines":{"total":42,"covered":42,"skipped":0,"pct":100},"functions":{"total":3,"covered":3,"skipped":0,"pct":100},"statements":{"total":42,"covered":42,"skipped":0,"pct":100},"branches":{"total":15,"covered":15,"skipped":0,"pct":100}}
,"/Users/thierrybela/web/WebstormProjects/css/dist/lib/parser/utils/token.js": {"lines":{"total":102,"covered":75,"skipped":0,"pct":73.52},"functions":{"total":2,"covered":2,"skipped":0,"pct":100},"statements":{"total":102,"covered":75,"skipped":0,"pct":73.52},"branches":{"total":34,"covered":27,"skipped":0,"pct":79.41}}
,"/Users/thierrybela/web/WebstormProjects/css/dist/lib/parser/utils/type.js": {"lines":{"total":46,"covered":46,"skipped":0,"pct":100},"functions":{"total":1,"covered":1,"skipped":0,"pct":100},"statements":{"total":46,"covered":46,"skipped":0,"pct":100},"branches":{"total":19,"covered":19,"skipped":0,"pct":100}}
,"/Users/thierrybela/web/WebstormProjects/css/dist/lib/renderer/render.js": {"lines":{"total":1390,"covered":1302,"skipped":0,"pct":93.66},"functions":{"total":8,"covered":8,"skipped":0,"pct":100},"statements":{"total":1390,"covered":1302,"skipped":0,"pct":93.66},"branches":{"total":605,"covered":557,"skipped":0,"pct":92.06}}
,"/Users/thierrybela/web/WebstormProjects/css/dist/lib/renderer/sourcemap/sourcemap.js": {"lines":{"total":289,"covered":270,"skipped":0,"pct":93.42},"functions":{"total":8,"covered":8,"skipped":0,"pct":100},"statements":{"total":289,"covered":270,"skipped":0,"pct":93.42},"branches":{"total":65,"covered":52,"skipped":0,"pct":80}}
,"/Users/thierrybela/web/WebstormProjects/css/dist/lib/renderer/sourcemap/lib/codec.js": {"lines":{"total":83,"covered":83,"skipped":0,"pct":100},"functions":{"total":3,"covered":3,"skipped":0,"pct":100},"statements":{"total":83,"covered":83,"skipped":0,"pct":100},"branches":{"total":15,"covered":14,"skipped":0,"pct":93.33}}
,"/Users/thierrybela/web/WebstormProjects/css/dist/lib/syntax/constants.js": {"lines":{"total":497,"covered":497,"skipped":0,"pct":100},"functions":{"total":0,"covered":0,"skipped":0,"pct":100},"statements":{"total":497,"covered":497,"skipped":0,"pct":100},"branches":{"total":5,"covered":5,"skipped":0,"pct":100}}
,"/Users/thierrybela/web/WebstormProjects/css/dist/lib/syntax/syntax.js": {"lines":{"total":1551,"covered":1465,"skipped":0,"pct":94.45},"functions":{"total":30,"covered":27,"skipped":0,"pct":90},"statements":{"total":1551,"covered":1465,"skipped":0,"pct":94.45},"branches":{"total":321,"covered":286,"skipped":0,"pct":89.09}}
,"/Users/thierrybela/web/WebstormProjects/css/dist/lib/syntax/color/a98rgb.js": {"lines":{"total":73,"covered":73,"skipped":0,"pct":100},"functions":{"total":6,"covered":6,"skipped":0,"pct":100},"statements":{"total":73,"covered":73,"skipped":0,"pct":100},"branches":{"total":21,"covered":11,"skipped":0,"pct":52.38}}
,"/Users/thierrybela/web/WebstormProjects/css/dist/lib/syntax/color/alpha.js": {"lines":{"total":96,"covered":69,"skipped":0,"pct":71.87},"functions":{"total":1,"covered":1,"skipped":0,"pct":100},"statements":{"total":96,"covered":69,"skipped":0,"pct":71.87},"branches":{"total":34,"covered":26,"skipped":0,"pct":76.47}}
,"/Users/thierrybela/web/WebstormProjects/css/dist/lib/syntax/color/cmyk.js": {"lines":{"total":102,"covered":86,"skipped":0,"pct":84.31},"functions":{"total":10,"covered":10,"skipped":0,"pct":100},"statements":{"total":102,"covered":86,"skipped":0,"pct":84.31},"branches":{"total":25,"covered":14,"skipped":0,"pct":56}}
,"/Users/thierrybela/web/WebstormProjects/css/dist/lib/syntax/color/color-mix.js": {"lines":{"total":412,"covered":359,"skipped":0,"pct":87.13},"functions":{"total":2,"covered":2,"skipped":0,"pct":100},"statements":{"total":412,"covered":359,"skipped":0,"pct":87.13},"branches":{"total":148,"covered":115,"skipped":0,"pct":77.7}}
,"/Users/thierrybela/web/WebstormProjects/css/dist/lib/syntax/color/color.js": {"lines":{"total":589,"covered":551,"skipped":0,"pct":93.54},"functions":{"total":17,"covered":17,"skipped":0,"pct":100},"statements":{"total":589,"covered":551,"skipped":0,"pct":93.54},"branches":{"total":264,"covered":244,"skipped":0,"pct":92.42}}
,"/Users/thierrybela/web/WebstormProjects/css/dist/lib/syntax/color/hex.js": {"lines":{"total":178,"covered":166,"skipped":0,"pct":93.25},"functions":{"total":17,"covered":17,"skipped":0,"pct":100},"statements":{"total":178,"covered":166,"skipped":0,"pct":93.25},"branches":{"total":81,"covered":73,"skipped":0,"pct":90.12}}
,"/Users/thierrybela/web/WebstormProjects/css/dist/lib/syntax/color/hsl.js": {"lines":{"total":205,"covered":179,"skipped":0,"pct":87.31},"functions":{"total":20,"covered":20,"skipped":0,"pct":100},"statements":{"total":205,"covered":179,"skipped":0,"pct":87.31},"branches":{"total":53,"covered":36,"skipped":0,"pct":67.92}}
,"/Users/thierrybela/web/WebstormProjects/css/dist/lib/syntax/color/hsv.js": {"lines":{"total":20,"covered":18,"skipped":0,"pct":90},"functions":{"total":2,"covered":2,"skipped":0,"pct":100},"statements":{"total":20,"covered":18,"skipped":0,"pct":90},"branches":{"total":5,"covered":3,"skipped":0,"pct":60}}
,"/Users/thierrybela/web/WebstormProjects/css/dist/lib/syntax/color/hwb.js": {"lines":{"total":192,"covered":165,"skipped":0,"pct":85.93},"functions":{"total":23,"covered":23,"skipped":0,"pct":100},"statements":{"total":192,"covered":165,"skipped":0,"pct":85.93},"branches":{"total":59,"covered":40,"skipped":0,"pct":67.79}}
,"/Users/thierrybela/web/WebstormProjects/css/dist/lib/syntax/color/lab.js": {"lines":{"total":261,"covered":233,"skipped":0,"pct":89.27},"functions":{"total":25,"covered":25,"skipped":0,"pct":100},"statements":{"total":261,"covered":233,"skipped":0,"pct":89.27},"branches":{"total":76,"covered":52,"skipped":0,"pct":68.42}}
,"/Users/thierrybela/web/WebstormProjects/css/dist/lib/syntax/color/lch.js": {"lines":{"total":195,"covered":169,"skipped":0,"pct":86.66},"functions":{"total":23,"covered":23,"skipped":0,"pct":100},"statements":{"total":195,"covered":169,"skipped":0,"pct":86.66},"branches":{"total":58,"covered":34,"skipped":0,"pct":58.62}}
,"/Users/thierrybela/web/WebstormProjects/css/dist/lib/syntax/color/oklab.js": {"lines":{"total":217,"covered":195,"skipped":0,"pct":89.86},"functions":{"total":23,"covered":23,"skipped":0,"pct":100},"statements":{"total":217,"covered":195,"skipped":0,"pct":89.86},"branches":{"total":67,"covered":49,"skipped":0,"pct":73.13}}
,"/Users/thierrybela/web/WebstormProjects/css/dist/lib/syntax/color/oklch.js": {"lines":{"total":173,"covered":147,"skipped":0,"pct":84.97},"functions":{"total":20,"covered":20,"skipped":0,"pct":100},"statements":{"total":173,"covered":147,"skipped":0,"pct":84.97},"branches":{"total":50,"covered":32,"skipped":0,"pct":64}}
,"/Users/thierrybela/web/WebstormProjects/css/dist/lib/syntax/color/p3.js": {"lines":{"total":66,"covered":51,"skipped":0,"pct":77.27},"functions":{"total":8,"covered":6,"skipped":0,"pct":75},"statements":{"total":66,"covered":51,"skipped":0,"pct":77.27},"branches":{"total":9,"covered":7,"skipped":0,"pct":77.77}}
,"/Users/thierrybela/web/WebstormProjects/css/dist/lib/syntax/color/prophotorgb.js": {"lines":{"total":54,"covered":52,"skipped":0,"pct":96.29},"functions":{"total":7,"covered":7,"skipped":0,"pct":100},"statements":{"total":54,"covered":52,"skipped":0,"pct":96.29},"branches":{"total":15,"covered":9,"skipped":0,"pct":60}}
,"/Users/thierrybela/web/WebstormProjects/css/dist/lib/syntax/color/rec2020.js": {"lines":{"total":73,"covered":71,"skipped":0,"pct":97.26},"functions":{"total":6,"covered":6,"skipped":0,"pct":100},"statements":{"total":73,"covered":71,"skipped":0,"pct":97.26},"branches":{"total":15,"covered":10,"skipped":0,"pct":66.66}}
,"/Users/thierrybela/web/WebstormProjects/css/dist/lib/syntax/color/relative-color.js": {"lines":{"total":266,"covered":254,"skipped":0,"pct":95.48},"functions":{"total":4,"covered":4,"skipped":0,"pct":100},"statements":{"total":266,"covered":254,"skipped":0,"pct":95.48},"branches":{"total":90,"covered":80,"skipped":0,"pct":88.88}}
,"/Users/thierrybela/web/WebstormProjects/css/dist/lib/syntax/color/rgb.js": {"lines":{"total":136,"covered":116,"skipped":0,"pct":85.29},"functions":{"total":20,"covered":20,"skipped":0,"pct":100},"statements":{"total":136,"covered":116,"skipped":0,"pct":85.29},"branches":{"total":74,"covered":56,"skipped":0,"pct":75.67}}
,"/Users/thierrybela/web/WebstormProjects/css/dist/lib/syntax/color/srgb.js": {"lines":{"total":304,"covered":289,"skipped":0,"pct":95.06},"functions":{"total":16,"covered":16,"skipped":0,"pct":100},"statements":{"total":304,"covered":289,"skipped":0,"pct":95.06},"branches":{"total":110,"covered":94,"skipped":0,"pct":85.45}}
,"/Users/thierrybela/web/WebstormProjects/css/dist/lib/syntax/color/xyz.js": {"lines":{"total":57,"covered":53,"skipped":0,"pct":92.98},"functions":{"total":4,"covered":4,"skipped":0,"pct":100},"statements":{"total":57,"covered":53,"skipped":0,"pct":92.98},"branches":{"total":12,"covered":6,"skipped":0,"pct":50}}
,"/Users/thierrybela/web/WebstormProjects/css/dist/lib/syntax/color/xyzd50.js": {"lines":{"total":57,"covered":57,"skipped":0,"pct":100},"functions":{"total":3,"covered":3,"skipped":0,"pct":100},"statements":{"total":57,"covered":57,"skipped":0,"pct":100},"branches":{"total":7,"covered":7,"skipped":0,"pct":100}}
,"/Users/thierrybela/web/WebstormProjects/css/dist/lib/syntax/color/utils/color-type.js": {"lines":{"total":18,"covered":18,"skipped":0,"pct":100},"functions":{"total":1,"covered":1,"skipped":0,"pct":100},"statements":{"total":18,"covered":18,"skipped":0,"pct":100},"branches":{"total":7,"covered":7,"skipped":0,"pct":100}}
,"/Users/thierrybela/web/WebstormProjects/css/dist/lib/syntax/color/utils/colorspace.js": {"lines":{"total":46,"covered":43,"skipped":0,"pct":93.47},"functions":{"total":1,"covered":1,"skipped":0,"pct":100},"statements":{"total":46,"covered":43,"skipped":0,"pct":93.47},"branches":{"total":19,"covered":18,"skipped":0,"pct":94.73}}
,"/Users/thierrybela/web/WebstormProjects/css/dist/lib/syntax/color/utils/components.js": {"lines":{"total":65,"covered":65,"skipped":0,"pct":100},"functions":{"total":1,"covered":1,"skipped":0,"pct":100},"statements":{"total":65,"covered":65,"skipped":0,"pct":100},"branches":{"total":24,"covered":24,"skipped":0,"pct":100}}
,"/Users/thierrybela/web/WebstormProjects/css/dist/lib/syntax/color/utils/distance.js": {"lines":{"total":60,"covered":58,"skipped":0,"pct":96.66},"functions":{"total":2,"covered":2,"skipped":0,"pct":100},"statements":{"total":60,"covered":58,"skipped":0,"pct":96.66},"branches":{"total":19,"covered":18,"skipped":0,"pct":94.73}}
,"/Users/thierrybela/web/WebstormProjects/css/dist/lib/syntax/color/utils/make-color.js": {"lines":{"total":56,"covered":54,"skipped":0,"pct":96.42},"functions":{"total":1,"covered":1,"skipped":0,"pct":100},"statements":{"total":56,"covered":54,"skipped":0,"pct":96.42},"branches":{"total":14,"covered":12,"skipped":0,"pct":85.71}}
,"/Users/thierrybela/web/WebstormProjects/css/dist/lib/syntax/color/utils/matrix.js": {"lines":{"total":37,"covered":36,"skipped":0,"pct":97.29},"functions":{"total":1,"covered":1,"skipped":0,"pct":100},"statements":{"total":37,"covered":36,"skipped":0,"pct":97.29},"branches":{"total":11,"covered":10,"skipped":0,"pct":90.9}}
,"/Users/thierrybela/web/WebstormProjects/css/dist/lib/validation/config.js": {"lines":{"total":124,"covered":122,"skipped":0,"pct":98.38},"functions":{"total":5,"covered":5,"skipped":0,"pct":100},"statements":{"total":124,"covered":122,"skipped":0,"pct":98.38},"branches":{"total":41,"covered":40,"skipped":0,"pct":97.56}}
,"/Users/thierrybela/web/WebstormProjects/css/dist/lib/validation/match.js": {"lines":{"total":2399,"covered":2276,"skipped":0,"pct":94.87},"functions":{"total":23,"covered":23,"skipped":0,"pct":100},"statements":{"total":2399,"covered":2276,"skipped":0,"pct":94.87},"branches":{"total":634,"covered":606,"skipped":0,"pct":95.58}}
,"/Users/thierrybela/web/WebstormProjects/css/dist/lib/validation/parser/parse.js": {"lines":{"total":690,"covered":690,"skipped":0,"pct":100},"functions":{"total":5,"covered":5,"skipped":0,"pct":100},"statements":{"total":690,"covered":690,"skipped":0,"pct":100},"branches":{"total":175,"covered":173,"skipped":0,"pct":98.85}}
,"/Users/thierrybela/web/WebstormProjects/css/dist/lib/validation/parser/typedef.js": {"lines":{"total":106,"covered":106,"skipped":0,"pct":100},"functions":{"total":0,"covered":0,"skipped":0,"pct":100},"statements":{"total":106,"covered":106,"skipped":0,"pct":100},"branches":{"total":4,"covered":4,"skipped":0,"pct":100}}
,"/Users/thierrybela/web/WebstormProjects/css/dist/lib/validation/utils/list.js": {"lines":{"total":28,"covered":28,"skipped":0,"pct":100},"functions":{"total":2,"covered":2,"skipped":0,"pct":100},"statements":{"total":28,"covered":28,"skipped":0,"pct":100},"branches":{"total":12,"covered":12,"skipped":0,"pct":100}}
,"/Users/thierrybela/web/WebstormProjects/css/dist/utils/sync.js": {"lines":{"total":73,"covered":64,"skipped":0,"pct":87.67},"functions":{"total":2,"covered":2,"skipped":0,"pct":100},"statements":{"total":73,"covered":64,"skipped":0,"pct":87.67},"branches":{"total":21,"covered":17,"skipped":0,"pct":80.95}}
,"/Users/thierrybela/web/WebstormProjects/css/test/allFiles.js": {"lines":{"total":52,"covered":52,"skipped":0,"pct":100},"functions":{"total":1,"covered":1,"skipped":0,"pct":100},"statements":{"total":52,"covered":52,"skipped":0,"pct":100},"branches":{"total":4,"covered":4,"skipped":0,"pct":100}}
}
