{"total": {"lines":{"total":34185,"covered":31812,"skipped":0,"pct":93.05},"statements":{"total":34185,"covered":31812,"skipped":0,"pct":93.05},"functions":{"total":578,"covered":563,"skipped":0,"pct":97.4},"branches":{"total":8085,"covered":7117,"skipped":0,"pct":88.02},"branchesTrue":{"total":0,"covered":0,"skipped":0,"pct":100}}
,"/Users/thierrybela/web/WebstormProjects/css/dist/config.json.js": {"lines":{"total":1552,"covered":1552,"skipped":0,"pct":100},"functions":{"total":0,"covered":0,"skipped":0,"pct":100},"statements":{"total":1552,"covered":1552,"skipped":0,"pct":100},"branches":{"total":1,"covered":1,"skipped":0,"pct":100}}
,"/Users/thierrybela/web/WebstormProjects/css/dist/node.js": {"lines":{"total":492,"covered":447,"skipped":0,"pct":90.85},"functions":{"total":6,"covered":6,"skipped":0,"pct":100},"statements":{"total":492,"covered":447,"skipped":0,"pct":90.85},"branches":{"total":81,"covered":65,"skipped":0,"pct":80.24}}
,"/Users/thierrybela/web/WebstormProjects/css/dist/types.js": {"lines":{"total":24,"covered":24,"skipped":0,"pct":100},"functions":{"total":0,"covered":0,"skipped":0,"pct":100},"statements":{"total":24,"covered":24,"skipped":0,"pct":100},"branches":{"total":2,"covered":2,"skipped":0,"pct":100}}
,"/Users/thierrybela/web/WebstormProjects/css/dist/lib/ast/clone.js": {"lines":{"total":44,"covered":44,"skipped":0,"pct":100},"functions":{"total":1,"covered":1,"skipped":0,"pct":100},"statements":{"total":44,"covered":44,"skipped":0,"pct":100},"branches":{"total":15,"covered":15,"skipped":0,"pct":100}}
,"/Users/thierrybela/web/WebstormProjects/css/dist/lib/ast/expand.js": {"lines":{"total":302,"covered":300,"skipped":0,"pct":99.33},"functions":{"total":4,"covered":4,"skipped":0,"pct":100},"statements":{"total":302,"covered":300,"skipped":0,"pct":99.33},"branches":{"total":135,"covered":131,"skipped":0,"pct":97.03}}
,"/Users/thierrybela/web/WebstormProjects/css/dist/lib/ast/find.js": {"lines":{"total":180,"covered":178,"skipped":0,"pct":98.88},"functions":{"total":4,"covered":4,"skipped":0,"pct":100},"statements":{"total":180,"covered":178,"skipped":0,"pct":98.88},"branches":{"total":23,"covered":21,"skipped":0,"pct":91.3}}
,"/Users/thierrybela/web/WebstormProjects/css/dist/lib/ast/minify.js": {"lines":{"total":1468,"covered":1337,"skipped":0,"pct":91.07},"functions":{"total":14,"covered":14,"skipped":0,"pct":100},"statements":{"total":1468,"covered":1337,"skipped":0,"pct":91.07},"branches":{"total":540,"covered":505,"skipped":0,"pct":93.51}}
,"/Users/thierrybela/web/WebstormProjects/css/dist/lib/ast/node.js": {"lines":{"total":52,"covered":16,"skipped":0,"pct":30.76},"functions":{"total":2,"covered":0,"skipped":0,"pct":0},"statements":{"total":52,"covered":16,"skipped":0,"pct":30.76},"branches":{"total":1,"covered":1,"skipped":0,"pct":100}}
,"/Users/thierrybela/web/WebstormProjects/css/dist/lib/ast/types.js": {"lines":{"total":980,"covered":980,"skipped":0,"pct":100},"functions":{"total":0,"covered":0,"skipped":0,"pct":100},"statements":{"total":980,"covered":980,"skipped":0,"pct":100},"branches":{"total":8,"covered":8,"skipped":0,"pct":100}}
,"/Users/thierrybela/web/WebstormProjects/css/dist/lib/ast/walk.js": {"lines":{"total":399,"covered":322,"skipped":0,"pct":80.7},"functions":{"total":4,"covered":3,"skipped":0,"pct":75},"statements":{"total":399,"covered":322,"skipped":0,"pct":80.7},"branches":{"total":70,"covered":49,"skipped":0,"pct":70}}
,"/Users/thierrybela/web/WebstormProjects/css/dist/lib/ast/features/calc.js": {"lines":{"total":120,"covered":120,"skipped":0,"pct":100},"functions":{"total":5,"covered":5,"skipped":0,"pct":100},"statements":{"total":120,"covered":120,"skipped":0,"pct":100},"branches":{"total":46,"covered":43,"skipped":0,"pct":93.47}}
,"/Users/thierrybela/web/WebstormProjects/css/dist/lib/ast/features/if.js": {"lines":{"total":193,"covered":192,"skipped":0,"pct":99.48},"functions":{"total":8,"covered":8,"skipped":0,"pct":100},"statements":{"total":193,"covered":192,"skipped":0,"pct":99.48},"branches":{"total":53,"covered":46,"skipped":0,"pct":86.79}}
,"/Users/thierrybela/web/WebstormProjects/css/dist/lib/ast/features/index.js": {"lines":{"total":6,"covered":6,"skipped":0,"pct":100},"functions":{"total":0,"covered":0,"skipped":0,"pct":100},"statements":{"total":6,"covered":6,"skipped":0,"pct":100},"branches":{"total":1,"covered":1,"skipped":0,"pct":100}}
,"/Users/thierrybela/web/WebstormProjects/css/dist/lib/ast/features/inlinecssvariables.js": {"lines":{"total":150,"covered":146,"skipped":0,"pct":97.33},"functions":{"total":8,"covered":8,"skipped":0,"pct":100},"statements":{"total":150,"covered":146,"skipped":0,"pct":97.33},"branches":{"total":47,"covered":44,"skipped":0,"pct":93.61}}
,"/Users/thierrybela/web/WebstormProjects/css/dist/lib/ast/features/prefix.js": {"lines":{"total":496,"covered":477,"skipped":0,"pct":96.16},"functions":{"total":9,"covered":9,"skipped":0,"pct":100},"statements":{"total":496,"covered":477,"skipped":0,"pct":96.16},"branches":{"total":159,"covered":137,"skipped":0,"pct":86.16}}
,"/Users/thierrybela/web/WebstormProjects/css/dist/lib/ast/features/shorthand.js": {"lines":{"total":67,"covered":67,"skipped":0,"pct":100},"functions":{"total":5,"covered":5,"skipped":0,"pct":100},"statements":{"total":67,"covered":67,"skipped":0,"pct":100},"branches":{"total":17,"covered":17,"skipped":0,"pct":100}}
,"/Users/thierrybela/web/WebstormProjects/css/dist/lib/ast/features/transform.js": {"lines":{"total":78,"covered":78,"skipped":0,"pct":100},"functions":{"total":5,"covered":5,"skipped":0,"pct":100},"statements":{"total":78,"covered":78,"skipped":0,"pct":100},"branches":{"total":32,"covered":32,"skipped":0,"pct":100}}
,"/Users/thierrybela/web/WebstormProjects/css/dist/lib/ast/features/type.js": {"lines":{"total":18,"covered":18,"skipped":0,"pct":100},"functions":{"total":0,"covered":0,"skipped":0,"pct":100},"statements":{"total":18,"covered":18,"skipped":0,"pct":100},"branches":{"total":2,"covered":2,"skipped":0,"pct":100}}
,"/Users/thierrybela/web/WebstormProjects/css/dist/lib/ast/math/expression.js": {"lines":{"total":650,"covered":615,"skipped":0,"pct":94.61},"functions":{"total":11,"covered":11,"skipped":0,"pct":100},"statements":{"total":650,"covered":615,"skipped":0,"pct":94.61},"branches":{"total":235,"covered":224,"skipped":0,"pct":95.31}}
,"/Users/thierrybela/web/WebstormProjects/css/dist/lib/ast/math/math.js": {"lines":{"total":111,"covered":109,"skipped":0,"pct":98.19},"functions":{"total":4,"covered":4,"skipped":0,"pct":100},"statements":{"total":111,"covered":109,"skipped":0,"pct":98.19},"branches":{"total":45,"covered":43,"skipped":0,"pct":95.55}}
,"/Users/thierrybela/web/WebstormProjects/css/dist/lib/ast/transform/compute.js": {"lines":{"total":385,"covered":357,"skipped":0,"pct":92.72},"functions":{"total":3,"covered":3,"skipped":0,"pct":100},"statements":{"total":385,"covered":357,"skipped":0,"pct":92.72},"branches":{"total":188,"covered":168,"skipped":0,"pct":89.36}}
,"/Users/thierrybela/web/WebstormProjects/css/dist/lib/ast/transform/matrix.js": {"lines":{"total":98,"covered":93,"skipped":0,"pct":94.89},"functions":{"total":3,"covered":3,"skipped":0,"pct":100},"statements":{"total":98,"covered":93,"skipped":0,"pct":94.89},"branches":{"total":23,"covered":20,"skipped":0,"pct":86.95}}
,"/Users/thierrybela/web/WebstormProjects/css/dist/lib/ast/transform/minify.js": {"lines":{"total":371,"covered":360,"skipped":0,"pct":97.03},"functions":{"total":3,"covered":3,"skipped":0,"pct":100},"statements":{"total":371,"covered":360,"skipped":0,"pct":97.03},"branches":{"total":148,"covered":140,"skipped":0,"pct":94.59}}
,"/Users/thierrybela/web/WebstormProjects/css/dist/lib/ast/transform/perspective.js": {"lines":{"total":10,"covered":10,"skipped":0,"pct":100},"functions":{"total":1,"covered":1,"skipped":0,"pct":100},"statements":{"total":10,"covered":10,"skipped":0,"pct":100},"branches":{"total":5,"covered":2,"skipped":0,"pct":40}}
,"/Users/thierrybela/web/WebstormProjects/css/dist/lib/ast/transform/rotate.js": {"lines":{"total":40,"covered":40,"skipped":0,"pct":100},"functions":{"total":2,"covered":2,"skipped":0,"pct":100},"statements":{"total":40,"covered":40,"skipped":0,"pct":100},"branches":{"total":4,"covered":3,"skipped":0,"pct":75}}
,"/Users/thierrybela/web/WebstormProjects/css/dist/lib/ast/transform/scale.js": {"lines":{"total":32,"covered":32,"skipped":0,"pct":100},"functions":{"total":5,"covered":5,"skipped":0,"pct":100},"statements":{"total":32,"covered":32,"skipped":0,"pct":100},"branches":{"total":6,"covered":6,"skipped":0,"pct":100}}
,"/Users/thierrybela/web/WebstormProjects/css/dist/lib/ast/transform/skew.js": {"lines":{"total":23,"covered":23,"skipped":0,"pct":100},"functions":{"total":3,"covered":3,"skipped":0,"pct":100},"statements":{"total":23,"covered":23,"skipped":0,"pct":100},"branches":{"total":5,"covered":5,"skipped":0,"pct":100}}
,"/Users/thierrybela/web/WebstormProjects/css/dist/lib/ast/transform/translate.js": {"lines":{"total":32,"covered":32,"skipped":0,"pct":100},"functions":{"total":5,"covered":5,"skipped":0,"pct":100},"statements":{"total":32,"covered":32,"skipped":0,"pct":100},"branches":{"total":7,"covered":7,"skipped":0,"pct":100}}
,"/Users/thierrybela/web/WebstormProjects/css/dist/lib/ast/transform/utils.js": {"lines":{"total":280,"covered":274,"skipped":0,"pct":97.85},"functions":{"total":10,"covered":10,"skipped":0,"pct":100},"statements":{"total":280,"covered":274,"skipped":0,"pct":97.85},"branches":{"total":61,"covered":58,"skipped":0,"pct":95.08}}
,"/Users/thierrybela/web/WebstormProjects/css/dist/lib/fs/resolve.js": {"lines":{"total":201,"covered":174,"skipped":0,"pct":86.56},"functions":{"total":3,"covered":3,"skipped":0,"pct":100},"statements":{"total":201,"covered":174,"skipped":0,"pct":86.56},"branches":{"total":56,"covered":45,"skipped":0,"pct":80.35}}
,"/Users/thierrybela/web/WebstormProjects/css/dist/lib/parser/linesmap.js": {"lines":{"total":68,"covered":68,"skipped":0,"pct":100},"functions":{"total":6,"covered":6,"skipped":0,"pct":100},"statements":{"total":68,"covered":68,"skipped":0,"pct":100},"branches":{"total":12,"covered":12,"skipped":0,"pct":100}}
,"/Users/thierrybela/web/WebstormProjects/css/dist/lib/parser/parse.js": {"lines":{"total":3702,"covered":2926,"skipped":0,"pct":79.03},"functions":{"total":10,"covered":8,"skipped":0,"pct":80},"statements":{"total":3702,"covered":2926,"skipped":0,"pct":79.03},"branches":{"total":1012,"covered":795,"skipped":0,"pct":78.55}}
,"/Users/thierrybela/web/WebstormProjects/css/dist/lib/parser/source.js": {"lines":{"total":117,"covered":111,"skipped":0,"pct":94.87},"functions":{"total":12,"covered":9,"skipped":0,"pct":75},"statements":{"total":117,"covered":111,"skipped":0,"pct":94.87},"branches":{"total":11,"covered":10,"skipped":0,"pct":90.9}}
,"/Users/thierrybela/web/WebstormProjects/css/dist/lib/parser/tokenize.js": {"lines":{"total":1611,"covered":1315,"skipped":0,"pct":81.62},"functions":{"total":25,"covered":24,"skipped":0,"pct":96},"statements":{"total":1611,"covered":1315,"skipped":0,"pct":81.62},"branches":{"total":515,"covered":430,"skipped":0,"pct":83.49}}
,"/Users/thierrybela/web/WebstormProjects/css/dist/lib/parser/declaration/list.js": {"lines":{"total":228,"covered":219,"skipped":0,"pct":96.05},"functions":{"total":6,"covered":5,"skipped":0,"pct":83.33},"statements":{"total":228,"covered":219,"skipped":0,"pct":96.05},"branches":{"total":69,"covered":67,"skipped":0,"pct":97.1}}
,"/Users/thierrybela/web/WebstormProjects/css/dist/lib/parser/declaration/map.js": {"lines":{"total":696,"covered":674,"skipped":0,"pct":96.83},"functions":{"total":7,"covered":7,"skipped":0,"pct":100},"statements":{"total":696,"covered":674,"skipped":0,"pct":96.83},"branches":{"total":253,"covered":239,"skipped":0,"pct":94.46}}
,"/Users/thierrybela/web/WebstormProjects/css/dist/lib/parser/declaration/set.js": {"lines":{"total":197,"covered":195,"skipped":0,"pct":98.98},"functions":{"total":5,"covered":5,"skipped":0,"pct":100},"statements":{"total":197,"covered":195,"skipped":0,"pct":98.98},"branches":{"total":78,"covered":75,"skipped":0,"pct":96.15}}
,"/Users/thierrybela/web/WebstormProjects/css/dist/lib/parser/utils/angle.js": {"lines":{"total":29,"covered":29,"skipped":0,"pct":100},"functions":{"total":1,"covered":1,"skipped":0,"pct":100},"statements":{"total":29,"covered":29,"skipped":0,"pct":100},"branches":{"total":6,"covered":6,"skipped":0,"pct":100}}
,"/Users/thierrybela/web/WebstormProjects/css/dist/lib/parser/utils/at-rule-container.js": {"lines":{"total":284,"covered":284,"skipped":0,"pct":100},"functions":{"total":1,"covered":1,"skipped":0,"pct":100},"statements":{"total":284,"covered":284,"skipped":0,"pct":100},"branches":{"total":82,"covered":82,"skipped":0,"pct":100}}
,"/Users/thierrybela/web/WebstormProjects/css/dist/lib/parser/utils/at-rule-font-feature-values.js": {"lines":{"total":13,"covered":13,"skipped":0,"pct":100},"functions":{"total":1,"covered":1,"skipped":0,"pct":100},"statements":{"total":13,"covered":13,"skipped":0,"pct":100},"branches":{"total":2,"covered":2,"skipped":0,"pct":100}}
,"/Users/thierrybela/web/WebstormProjects/css/dist/lib/parser/utils/at-rule-generic.js": {"lines":{"total":105,"covered":105,"skipped":0,"pct":100},"functions":{"total":1,"covered":1,"skipped":0,"pct":100},"statements":{"total":105,"covered":105,"skipped":0,"pct":100},"branches":{"total":32,"covered":32,"skipped":0,"pct":100}}
,"/Users/thierrybela/web/WebstormProjects/css/dist/lib/parser/utils/at-rule-import.js": {"lines":{"total":189,"covered":181,"skipped":0,"pct":95.76},"functions":{"total":1,"covered":1,"skipped":0,"pct":100},"statements":{"total":189,"covered":181,"skipped":0,"pct":95.76},"branches":{"total":59,"covered":57,"skipped":0,"pct":96.61}}
,"/Users/thierrybela/web/WebstormProjects/css/dist/lib/parser/utils/at-rule-media.js": {"lines":{"total":384,"covered":379,"skipped":0,"pct":98.69},"functions":{"total":1,"covered":1,"skipped":0,"pct":100},"statements":{"total":384,"covered":379,"skipped":0,"pct":98.69},"branches":{"total":113,"covered":112,"skipped":0,"pct":99.11}}
,"/Users/thierrybela/web/WebstormProjects/css/dist/lib/parser/utils/at-rule-support.js": {"lines":{"total":219,"covered":201,"skipped":0,"pct":91.78},"functions":{"total":1,"covered":1,"skipped":0,"pct":100},"statements":{"total":219,"covered":201,"skipped":0,"pct":91.78},"branches":{"total":55,"covered":50,"skipped":0,"pct":90.9}}
,"/Users/thierrybela/web/WebstormProjects/css/dist/lib/parser/utils/at-rule-when-else.js": {"lines":{"total":123,"covered":117,"skipped":0,"pct":95.12},"functions":{"total":1,"covered":1,"skipped":0,"pct":100},"statements":{"total":123,"covered":117,"skipped":0,"pct":95.12},"branches":{"total":31,"covered":24,"skipped":0,"pct":77.41}}
,"/Users/thierrybela/web/WebstormProjects/css/dist/lib/parser/utils/at-rule.js": {"lines":{"total":16,"covered":16,"skipped":0,"pct":100},"functions":{"total":1,"covered":1,"skipped":0,"pct":100},"statements":{"total":16,"covered":16,"skipped":0,"pct":100},"branches":{"total":4,"covered":4,"skipped":0,"pct":100}}
,"/Users/thierrybela/web/WebstormProjects/css/dist/lib/parser/utils/cache.js": {"lines":{"total":47,"covered":47,"skipped":0,"pct":100},"functions":{"total":1,"covered":1,"skipped":0,"pct":100},"statements":{"total":47,"covered":47,"skipped":0,"pct":100},"branches":{"total":16,"covered":15,"skipped":0,"pct":93.75}}
,"/Users/thierrybela/web/WebstormProjects/css/dist/lib/parser/utils/config.js": {"lines":{"total":7,"covered":7,"skipped":0,"pct":100},"functions":{"total":1,"covered":1,"skipped":0,"pct":100},"statements":{"total":7,"covered":7,"skipped":0,"pct":100},"branches":{"total":2,"covered":2,"skipped":0,"pct":100}}
,"/Users/thierrybela/web/WebstormProjects/css/dist/lib/parser/utils/declaration.js": {"lines":{"total":487,"covered":479,"skipped":0,"pct":98.35},"functions":{"total":2,"covered":2,"skipped":0,"pct":100},"statements":{"total":487,"covered":479,"skipped":0,"pct":98.35},"branches":{"total":181,"covered":171,"skipped":0,"pct":94.47}}
,"/Users/thierrybela/web/WebstormProjects/css/dist/lib/parser/utils/eq.js": {"lines":{"total":37,"covered":33,"skipped":0,"pct":89.18},"functions":{"total":1,"covered":1,"skipped":0,"pct":100},"statements":{"total":37,"covered":33,"skipped":0,"pct":89.18},"branches":{"total":20,"covered":18,"skipped":0,"pct":90}}
,"/Users/thierrybela/web/WebstormProjects/css/dist/lib/parser/utils/hash.js": {"lines":{"total":139,"covered":134,"skipped":0,"pct":96.4},"functions":{"total":7,"covered":7,"skipped":0,"pct":100},"statements":{"total":139,"covered":134,"skipped":0,"pct":96.4},"branches":{"total":38,"covered":33,"skipped":0,"pct":86.84}}
,"/Users/thierrybela/web/WebstormProjects/css/dist/lib/parser/utils/selector.js": {"lines":{"total":501,"covered":451,"skipped":0,"pct":90.01},"functions":{"total":1,"covered":1,"skipped":0,"pct":100},"statements":{"total":501,"covered":451,"skipped":0,"pct":90.01},"branches":{"total":144,"covered":128,"skipped":0,"pct":88.88}}
,"/Users/thierrybela/web/WebstormProjects/css/dist/lib/parser/utils/text.js": {"lines":{"total":26,"covered":26,"skipped":0,"pct":100},"functions":{"total":3,"covered":3,"skipped":0,"pct":100},"statements":{"total":26,"covered":26,"skipped":0,"pct":100},"branches":{"total":15,"covered":15,"skipped":0,"pct":100}}
,"/Users/thierrybela/web/WebstormProjects/css/dist/lib/parser/utils/token.js": {"lines":{"total":102,"covered":79,"skipped":0,"pct":77.45},"functions":{"total":2,"covered":2,"skipped":0,"pct":100},"statements":{"total":102,"covered":79,"skipped":0,"pct":77.45},"branches":{"total":36,"covered":29,"skipped":0,"pct":80.55}}
,"/Users/thierrybela/web/WebstormProjects/css/dist/lib/parser/utils/type.js": {"lines":{"total":46,"covered":46,"skipped":0,"pct":100},"functions":{"total":1,"covered":1,"skipped":0,"pct":100},"statements":{"total":46,"covered":46,"skipped":0,"pct":100},"branches":{"total":19,"covered":19,"skipped":0,"pct":100}}
,"/Users/thierrybela/web/WebstormProjects/css/dist/lib/renderer/render.js": {"lines":{"total":1376,"covered":1287,"skipped":0,"pct":93.53},"functions":{"total":8,"covered":8,"skipped":0,"pct":100},"statements":{"total":1376,"covered":1287,"skipped":0,"pct":93.53},"branches":{"total":595,"covered":546,"skipped":0,"pct":91.76}}
,"/Users/thierrybela/web/WebstormProjects/css/dist/lib/renderer/sourcemap/sourcemap.js": {"lines":{"total":259,"covered":240,"skipped":0,"pct":92.66},"functions":{"total":8,"covered":8,"skipped":0,"pct":100},"statements":{"total":259,"covered":240,"skipped":0,"pct":92.66},"branches":{"total":65,"covered":52,"skipped":0,"pct":80}}
,"/Users/thierrybela/web/WebstormProjects/css/dist/lib/renderer/sourcemap/lib/codec.js": {"lines":{"total":78,"covered":76,"skipped":0,"pct":97.43},"functions":{"total":3,"covered":3,"skipped":0,"pct":100},"statements":{"total":78,"covered":76,"skipped":0,"pct":97.43},"branches":{"total":17,"covered":15,"skipped":0,"pct":88.23}}
,"/Users/thierrybela/web/WebstormProjects/css/dist/lib/syntax/constants.js": {"lines":{"total":497,"covered":497,"skipped":0,"pct":100},"functions":{"total":0,"covered":0,"skipped":0,"pct":100},"statements":{"total":497,"covered":497,"skipped":0,"pct":100},"branches":{"total":5,"covered":5,"skipped":0,"pct":100}}
,"/Users/thierrybela/web/WebstormProjects/css/dist/lib/syntax/syntax.js": {"lines":{"total":1015,"covered":929,"skipped":0,"pct":91.52},"functions":{"total":30,"covered":27,"skipped":0,"pct":90},"statements":{"total":1015,"covered":929,"skipped":0,"pct":91.52},"branches":{"total":328,"covered":293,"skipped":0,"pct":89.32}}
,"/Users/thierrybela/web/WebstormProjects/css/dist/lib/syntax/color/a98rgb.js": {"lines":{"total":73,"covered":73,"skipped":0,"pct":100},"functions":{"total":6,"covered":6,"skipped":0,"pct":100},"statements":{"total":73,"covered":73,"skipped":0,"pct":100},"branches":{"total":21,"covered":11,"skipped":0,"pct":52.38}}
,"/Users/thierrybela/web/WebstormProjects/css/dist/lib/syntax/color/alpha.js": {"lines":{"total":61,"covered":48,"skipped":0,"pct":78.68},"functions":{"total":1,"covered":1,"skipped":0,"pct":100},"statements":{"total":61,"covered":48,"skipped":0,"pct":78.68},"branches":{"total":21,"covered":16,"skipped":0,"pct":76.19}}
,"/Users/thierrybela/web/WebstormProjects/css/dist/lib/syntax/color/cmyk.js": {"lines":{"total":101,"covered":85,"skipped":0,"pct":84.15},"functions":{"total":10,"covered":10,"skipped":0,"pct":100},"statements":{"total":101,"covered":85,"skipped":0,"pct":84.15},"branches":{"total":25,"covered":14,"skipped":0,"pct":56}}
,"/Users/thierrybela/web/WebstormProjects/css/dist/lib/syntax/color/color-mix.js": {"lines":{"total":412,"covered":359,"skipped":0,"pct":87.13},"functions":{"total":2,"covered":2,"skipped":0,"pct":100},"statements":{"total":412,"covered":359,"skipped":0,"pct":87.13},"branches":{"total":148,"covered":115,"skipped":0,"pct":77.7}}
,"/Users/thierrybela/web/WebstormProjects/css/dist/lib/syntax/color/color.js": {"lines":{"total":589,"covered":549,"skipped":0,"pct":93.2},"functions":{"total":17,"covered":17,"skipped":0,"pct":100},"statements":{"total":589,"covered":549,"skipped":0,"pct":93.2},"branches":{"total":264,"covered":243,"skipped":0,"pct":92.04}}
,"/Users/thierrybela/web/WebstormProjects/css/dist/lib/syntax/color/hex.js": {"lines":{"total":178,"covered":166,"skipped":0,"pct":93.25},"functions":{"total":17,"covered":17,"skipped":0,"pct":100},"statements":{"total":178,"covered":166,"skipped":0,"pct":93.25},"branches":{"total":81,"covered":73,"skipped":0,"pct":90.12}}
,"/Users/thierrybela/web/WebstormProjects/css/dist/lib/syntax/color/hsl.js": {"lines":{"total":205,"covered":179,"skipped":0,"pct":87.31},"functions":{"total":20,"covered":20,"skipped":0,"pct":100},"statements":{"total":205,"covered":179,"skipped":0,"pct":87.31},"branches":{"total":53,"covered":36,"skipped":0,"pct":67.92}}
,"/Users/thierrybela/web/WebstormProjects/css/dist/lib/syntax/color/hsv.js": {"lines":{"total":20,"covered":18,"skipped":0,"pct":90},"functions":{"total":2,"covered":2,"skipped":0,"pct":100},"statements":{"total":20,"covered":18,"skipped":0,"pct":90},"branches":{"total":5,"covered":3,"skipped":0,"pct":60}}
,"/Users/thierrybela/web/WebstormProjects/css/dist/lib/syntax/color/hwb.js": {"lines":{"total":192,"covered":165,"skipped":0,"pct":85.93},"functions":{"total":23,"covered":23,"skipped":0,"pct":100},"statements":{"total":192,"covered":165,"skipped":0,"pct":85.93},"branches":{"total":59,"covered":40,"skipped":0,"pct":67.79}}
,"/Users/thierrybela/web/WebstormProjects/css/dist/lib/syntax/color/lab.js": {"lines":{"total":261,"covered":233,"skipped":0,"pct":89.27},"functions":{"total":25,"covered":25,"skipped":0,"pct":100},"statements":{"total":261,"covered":233,"skipped":0,"pct":89.27},"branches":{"total":76,"covered":52,"skipped":0,"pct":68.42}}
,"/Users/thierrybela/web/WebstormProjects/css/dist/lib/syntax/color/lch.js": {"lines":{"total":195,"covered":169,"skipped":0,"pct":86.66},"functions":{"total":23,"covered":23,"skipped":0,"pct":100},"statements":{"total":195,"covered":169,"skipped":0,"pct":86.66},"branches":{"total":58,"covered":34,"skipped":0,"pct":58.62}}
,"/Users/thierrybela/web/WebstormProjects/css/dist/lib/syntax/color/oklab.js": {"lines":{"total":217,"covered":195,"skipped":0,"pct":89.86},"functions":{"total":23,"covered":23,"skipped":0,"pct":100},"statements":{"total":217,"covered":195,"skipped":0,"pct":89.86},"branches":{"total":67,"covered":49,"skipped":0,"pct":73.13}}
,"/Users/thierrybela/web/WebstormProjects/css/dist/lib/syntax/color/oklch.js": {"lines":{"total":173,"covered":147,"skipped":0,"pct":84.97},"functions":{"total":20,"covered":20,"skipped":0,"pct":100},"statements":{"total":173,"covered":147,"skipped":0,"pct":84.97},"branches":{"total":50,"covered":32,"skipped":0,"pct":64}}
,"/Users/thierrybela/web/WebstormProjects/css/dist/lib/syntax/color/p3.js": {"lines":{"total":66,"covered":51,"skipped":0,"pct":77.27},"functions":{"total":8,"covered":6,"skipped":0,"pct":75},"statements":{"total":66,"covered":51,"skipped":0,"pct":77.27},"branches":{"total":9,"covered":7,"skipped":0,"pct":77.77}}
,"/Users/thierrybela/web/WebstormProjects/css/dist/lib/syntax/color/prophotorgb.js": {"lines":{"total":54,"covered":52,"skipped":0,"pct":96.29},"functions":{"total":7,"covered":7,"skipped":0,"pct":100},"statements":{"total":54,"covered":52,"skipped":0,"pct":96.29},"branches":{"total":15,"covered":9,"skipped":0,"pct":60}}
,"/Users/thierrybela/web/WebstormProjects/css/dist/lib/syntax/color/rec2020.js": {"lines":{"total":73,"covered":71,"skipped":0,"pct":97.26},"functions":{"total":6,"covered":6,"skipped":0,"pct":100},"statements":{"total":73,"covered":71,"skipped":0,"pct":97.26},"branches":{"total":15,"covered":10,"skipped":0,"pct":66.66}}
,"/Users/thierrybela/web/WebstormProjects/css/dist/lib/syntax/color/relative-color.js": {"lines":{"total":266,"covered":254,"skipped":0,"pct":95.48},"functions":{"total":4,"covered":4,"skipped":0,"pct":100},"statements":{"total":266,"covered":254,"skipped":0,"pct":95.48},"branches":{"total":90,"covered":80,"skipped":0,"pct":88.88}}
,"/Users/thierrybela/web/WebstormProjects/css/dist/lib/syntax/color/rgb.js": {"lines":{"total":136,"covered":116,"skipped":0,"pct":85.29},"functions":{"total":20,"covered":20,"skipped":0,"pct":100},"statements":{"total":136,"covered":116,"skipped":0,"pct":85.29},"branches":{"total":74,"covered":56,"skipped":0,"pct":75.67}}
,"/Users/thierrybela/web/WebstormProjects/css/dist/lib/syntax/color/srgb.js": {"lines":{"total":298,"covered":282,"skipped":0,"pct":94.63},"functions":{"total":16,"covered":16,"skipped":0,"pct":100},"statements":{"total":298,"covered":282,"skipped":0,"pct":94.63},"branches":{"total":110,"covered":93,"skipped":0,"pct":84.54}}
,"/Users/thierrybela/web/WebstormProjects/css/dist/lib/syntax/color/xyz.js": {"lines":{"total":52,"covered":48,"skipped":0,"pct":92.3},"functions":{"total":4,"covered":4,"skipped":0,"pct":100},"statements":{"total":52,"covered":48,"skipped":0,"pct":92.3},"branches":{"total":12,"covered":6,"skipped":0,"pct":50}}
,"/Users/thierrybela/web/WebstormProjects/css/dist/lib/syntax/color/xyzd50.js": {"lines":{"total":40,"covered":40,"skipped":0,"pct":100},"functions":{"total":3,"covered":3,"skipped":0,"pct":100},"statements":{"total":40,"covered":40,"skipped":0,"pct":100},"branches":{"total":7,"covered":7,"skipped":0,"pct":100}}
,"/Users/thierrybela/web/WebstormProjects/css/dist/lib/syntax/color/utils/color-type.js": {"lines":{"total":18,"covered":18,"skipped":0,"pct":100},"functions":{"total":1,"covered":1,"skipped":0,"pct":100},"statements":{"total":18,"covered":18,"skipped":0,"pct":100},"branches":{"total":7,"covered":7,"skipped":0,"pct":100}}
,"/Users/thierrybela/web/WebstormProjects/css/dist/lib/syntax/color/utils/colorspace.js": {"lines":{"total":46,"covered":43,"skipped":0,"pct":93.47},"functions":{"total":1,"covered":1,"skipped":0,"pct":100},"statements":{"total":46,"covered":43,"skipped":0,"pct":93.47},"branches":{"total":19,"covered":18,"skipped":0,"pct":94.73}}
,"/Users/thierrybela/web/WebstormProjects/css/dist/lib/syntax/color/utils/components.js": {"lines":{"total":65,"covered":65,"skipped":0,"pct":100},"functions":{"total":1,"covered":1,"skipped":0,"pct":100},"statements":{"total":65,"covered":65,"skipped":0,"pct":100},"branches":{"total":24,"covered":24,"skipped":0,"pct":100}}
,"/Users/thierrybela/web/WebstormProjects/css/dist/lib/syntax/color/utils/distance.js": {"lines":{"total":60,"covered":58,"skipped":0,"pct":96.66},"functions":{"total":2,"covered":2,"skipped":0,"pct":100},"statements":{"total":60,"covered":58,"skipped":0,"pct":96.66},"branches":{"total":19,"covered":18,"skipped":0,"pct":94.73}}
,"/Users/thierrybela/web/WebstormProjects/css/dist/lib/syntax/color/utils/make-color.js": {"lines":{"total":56,"covered":54,"skipped":0,"pct":96.42},"functions":{"total":1,"covered":1,"skipped":0,"pct":100},"statements":{"total":56,"covered":54,"skipped":0,"pct":96.42},"branches":{"total":14,"covered":12,"skipped":0,"pct":85.71}}
,"/Users/thierrybela/web/WebstormProjects/css/dist/lib/syntax/color/utils/matrix.js": {"lines":{"total":36,"covered":35,"skipped":0,"pct":97.22},"functions":{"total":1,"covered":1,"skipped":0,"pct":100},"statements":{"total":36,"covered":35,"skipped":0,"pct":97.22},"branches":{"total":11,"covered":10,"skipped":0,"pct":90.9}}
,"/Users/thierrybela/web/WebstormProjects/css/dist/lib/validation/config.js": {"lines":{"total":98,"covered":96,"skipped":0,"pct":97.95},"functions":{"total":5,"covered":5,"skipped":0,"pct":100},"statements":{"total":98,"covered":96,"skipped":0,"pct":97.95},"branches":{"total":41,"covered":40,"skipped":0,"pct":97.56}}
,"/Users/thierrybela/web/WebstormProjects/css/dist/lib/validation/config.json.js": {"lines":{"total":5360,"covered":5360,"skipped":0,"pct":100},"functions":{"total":0,"covered":0,"skipped":0,"pct":100},"statements":{"total":5360,"covered":5360,"skipped":0,"pct":100},"branches":{"total":1,"covered":1,"skipped":0,"pct":100}}
,"/Users/thierrybela/web/WebstormProjects/css/dist/lib/validation/match.js": {"lines":{"total":2387,"covered":2262,"skipped":0,"pct":94.76},"functions":{"total":23,"covered":23,"skipped":0,"pct":100},"statements":{"total":2387,"covered":2262,"skipped":0,"pct":94.76},"branches":{"total":632,"covered":603,"skipped":0,"pct":95.41}}
,"/Users/thierrybela/web/WebstormProjects/css/dist/lib/validation/parser/parse.js": {"lines":{"total":686,"covered":684,"skipped":0,"pct":99.7},"functions":{"total":5,"covered":5,"skipped":0,"pct":100},"statements":{"total":686,"covered":684,"skipped":0,"pct":99.7},"branches":{"total":176,"covered":173,"skipped":0,"pct":98.29}}
,"/Users/thierrybela/web/WebstormProjects/css/dist/lib/validation/parser/typedef.js": {"lines":{"total":106,"covered":106,"skipped":0,"pct":100},"functions":{"total":0,"covered":0,"skipped":0,"pct":100},"statements":{"total":106,"covered":106,"skipped":0,"pct":100},"branches":{"total":4,"covered":4,"skipped":0,"pct":100}}
,"/Users/thierrybela/web/WebstormProjects/css/dist/lib/validation/utils/list.js": {"lines":{"total":28,"covered":28,"skipped":0,"pct":100},"functions":{"total":2,"covered":2,"skipped":0,"pct":100},"statements":{"total":28,"covered":28,"skipped":0,"pct":100},"branches":{"total":12,"covered":12,"skipped":0,"pct":100}}
,"/Users/thierrybela/web/WebstormProjects/css/dist/utils/sync.js": {"lines":{"total":73,"covered":64,"skipped":0,"pct":87.67},"functions":{"total":2,"covered":2,"skipped":0,"pct":100},"statements":{"total":73,"covered":64,"skipped":0,"pct":87.67},"branches":{"total":21,"covered":17,"skipped":0,"pct":80.95}}
,"/Users/thierrybela/web/WebstormProjects/css/test/allFiles.js": {"lines":{"total":52,"covered":52,"skipped":0,"pct":100},"functions":{"total":1,"covered":1,"skipped":0,"pct":100},"statements":{"total":52,"covered":52,"skipped":0,"pct":100},"branches":{"total":13,"covered":13,"skipped":0,"pct":100}}
}
